data/example/single_test/ln/ln346235, solver: z3, result: False, time:0.2812628746032715
data/example/single_test/ln/ln346209, solver: z3, result: False, time:0.31020522117614746
data/example/single_test/ln/ln345264, solver: z3, result: False, time:0.31807589530944824
data/example/single_test/ln/ln345254, solver: z3, result: False, time:0.31485462188720703
data/example/single_test/ln/ln345244, solver: z3, result: False, time:0.2808527946472168
data/example/single_test/ln/ln254488, solver: z3, result: False, time:1.047835111618042
data/example/single_test/ln/ln338416, solver: z3, result: False, time:0.7439131736755371
data/example/single_test/ln/ln346179, solver: z3, result: False, time:0.2655026912689209
data/example/single_test/ln/ln345275, solver: z3, result: False, time:0.5152080059051514
data/example/single_test/ln/ln259543, solver: z3, result: False, time:23.672740697860718
data/example/single_test/ln/ln684413, solver: z3, result: False, time:27.93850350379944
data/example/single_test/ln/ln684052, solver: z3, result: False, time:26.108142614364624
data/example/single_test/ln/ln710853, solver: z3, result: False, time:4.541252374649048
data/example/single_test/ln/ln687253, solver: z3, result: False, time:38.767435789108276
data/example/single_test/ln/ln688684, solver: z3, result: False, time:42.500460147857666
data/example/single_test/ln/ln682969, solver: z3, result: False, time:11.238723993301392
data/example/single_test/ln/ln683332, solver: z3, result: False, time:20.536360263824463
data/example/single_test/ln/ln345234, solver: z3, result: False, time:0.2930777072906494
data/example/single_test/ln/ln261413, solver: z3, result: False, time:0.8776860237121582
data/example/single_test/ln/ln346199, solver: z3, result: False, time:0.3620188236236572
data/example/single_test/ln/ln683687, solver: z3, result: False, time:18.90655493736267
data/example/single_test/ln/ln685986, solver: z3, result: False, time:34.46829795837402
data/example/single_test/ln/ln346189, solver: z3, result: False, time:0.2693145275115967
data/example/single_test/ln/ln705126, solver: z3, result: False, time:62.062641859054565
data/example/single_test/ln/ln345352, solver: z3, result: False, time:11.547164916992188
data/example/single_test/ln/ln346220, solver: z3, result: False, time:0.5449278354644775
data/example/single_test/ln/ln346301, solver: z3, result: False, time:15.358032464981079
data/example/single_test/ln/ln691395, solver: z3, result: False, time:47.14120626449585
data/example/single_test/arch/arch20873, solver: z3, result: False, time:0.22561144828796387
data/example/single_test/arch/arch23089, solver: z3, result: False, time:0.4834864139556885
data/example/single_test/arch/arch25904, solver: z3, result: False, time:0.34075188636779785
data/example/single_test/arch/arch26468, solver: z3, result: False, time:0.27240514755249023
data/example/single_test/arch/arch20833, solver: z3, result: False, time:0.46458959579467773
data/example/single_test/arch/arch29662, solver: z3, result: False, time:0.2875678539276123
data/example/single_test/arch/arch20247, solver: z3, result: False, time:0.28101229667663574
data/example/single_test/arch/arch26657, solver: z3, result: False, time:0.7309765815734863
data/example/single_test/arch/arch26616, solver: z3, result: False, time:0.5167255401611328
data/example/single_test/arch/arch25915, solver: z3, result: False, time:0.4550461769104004
data/example/single_test/arch/arch20268, solver: z3, result: False, time:0.457852840423584
data/example/single_test/arch/arch16731, solver: z3, result: False, time:19.608559370040894
data/example/single_test/arch/arch20823, solver: z3, result: False, time:0.5517199039459229
data/example/single_test/arch/arch23203, solver: z3, result: False, time:0.29283761978149414
data/example/single_test/arch/arch21505, solver: z3, result: False, time:0.46072959899902344
data/example/single_test/arch/arch20686, solver: z3, result: False, time:0.3835568428039551
data/example/single_test/ln/ln680552, solver: z3, result: False, time:50.95996427536011
data/example/single_test/ln/ln703689, solver: z3, result: False, time:49.91193127632141
data/example/single_test/ln/ln690110, solver: z3, result: False, time:48.974764823913574
data/example/single_test/arch/arch23120, solver: z3, result: False, time:0.6746056079864502
data/example/single_test/arch/arch20656, solver: z3, result: False, time:0.2901926040649414
data/example/single_test/arch/arch22792, solver: z3, result: False, time:14.896941423416138
data/example/single_test/arch/arch25928, solver: z3, result: False, time:0.6817576885223389
data/example/single_test/arch/arch29672, solver: z3, result: False, time:0.2785642147064209
data/example/single_test/arch/arch24522, solver: z3, result: False, time:0.3910188674926758
data/example/single_test/arch/arch20843, solver: z3, result: False, time:0.4988071918487549
data/example/single_test/ln/ln597016, solver: z3, result: False, time:81.10842061042786
data/example/single_test/arch/arch28780, solver: z3, result: False, time:0.34865832328796387
data/example/single_test/arch/arch24878, solver: z3, result: False, time:0.4595932960510254
data/example/single_test/arch/arch28015, solver: z3, result: False, time:0.7748332023620605
data/example/single_test/arch/arch27945, solver: z3, result: False, time:18.051348209381104
data/example/single_test/arch/arch28770, solver: z3, result: False, time:0.27227783203125
data/example/single_test/arch/arch28004, solver: z3, result: False, time:0.7157812118530273
data/example/single_test/arch/arch24867, solver: z3, result: False, time:0.4013993740081787
data/example/single_test/ln/ln346480, solver: z3, result: unknown, time:300.00820899009705
data/example/single_test/arch/arch24502, solver: z3, result: False, time:0.2889125347137451
data/example/single_test/arch/arch26448, solver: z3, result: False, time:0.2684605121612549
data/example/single_test/arch/arch27217, solver: z3, result: unknown, time:300.00854897499084
data/example/single_test/arch/arch20778, solver: z3, result: unknown, time:300.00914454460144
data/example/single_test/arch/arch28811, solver: z3, result: False, time:0.47771120071411133
data/example/single_test/arch/arch24960, solver: z3, result: unknown, time:300.0127649307251
data/example/single_test/arch/arch24492, solver: z3, result: False, time:0.2746884822845459
data/example/single_test/arch/arch26646, solver: z3, result: False, time:0.5453305244445801
data/example/single_test/arch/arch21594, solver: z3, result: unknown, time:300.0080487728119
data/example/single_test/arch/arch28790, solver: z3, result: False, time:0.35053086280822754
data/example/single_test/arch/arch25874, solver: z3, result: False, time:0.3496534824371338
data/example/single_test/arch/arch16877, solver: z3, result: False, time:15.25223422050476
data/example/single_test/arch/arch27144, solver: z3, result: False, time:0.34985876083374023
data/example/single_test/arch/arch20854, solver: z3, result: False, time:0.7284629344940186
data/example/single_test/arch/arch21418, solver: z3, result: False, time:16.566502332687378
data/example/single_test/arch/arch27993, solver: z3, result: False, time:0.6921944618225098
data/example/single_test/arch/arch20697, solver: z3, result: False, time:0.49698543548583984
data/example/single_test/arch/arch26003, solver: z3, result: unknown, time:300.0102937221527
data/example/single_test/arch/arch26175, solver: z3, result: False, time:16.325313806533813
data/example/single_test/arch/arch28899, solver: z3, result: unknown, time:300.0119276046753
data/example/single_test/arch/arch25894, solver: z3, result: False, time:0.32675862312316895
data/example/single_test/arch/arch24857, solver: z3, result: False, time:0.33585453033447266
data/example/single_test/arch/arch25355, solver: z3, result: unknown, time:300.0127682685852
data/example/single_test/arch/arch20676, solver: z3, result: False, time:0.32181739807128906
data/example/single_test/arch/arch24847, solver: z3, result: False, time:0.3201172351837158
data/example/single_test/arch/arch26626, solver: z3, result: False, time:0.6574912071228027
data/example/single_test/arch/arch24613, solver: z3, result: unknown, time:300.01226806640625
data/example/single_test/arch/arch20813, solver: z3, result: False, time:0.4692685604095459
data/example/single_test/arch/arch26458, solver: z3, result: False, time:0.26210880279541016
data/example/single_test/arch/arch24837, solver: z3, result: False, time:0.28678226470947266
data/example/single_test/arch/arch26478, solver: z3, result: False, time:0.3391714096069336
data/example/single_test/arch/arch23109, solver: z3, result: False, time:0.4585857391357422
data/example/single_test/arch/arch21484, solver: z3, result: False, time:0.29581785202026367
data/example/single_test/arch/arch22119, solver: z3, result: False, time:1.7127294540405273
data/example/single_test/arch/arch22620, solver: z3, result: False, time:16.41708731651306
data/example/single_test/arch/arch20237, solver: z3, result: False, time:0.2738957405090332
data/example/single_test/arch/arch20227, solver: z3, result: False, time:0.2605314254760742
data/example/single_test/arch/arch24533, solver: z3, result: False, time:0.48280906677246094
data/example/single_test/arch/arch21464, solver: z3, result: False, time:0.2697873115539551
data/example/single_test/arch/arch23079, solver: z3, result: False, time:0.47382521629333496
data/example/single_test/arch/arch25704, solver: z3, result: False, time:0.2585721015930176
data/example/single_test/arch/arch21494, solver: z3, result: False, time:0.3057866096496582
data/example/single_test/arch/arch27973, solver: z3, result: False, time:0.6765470504760742
data/example/single_test/arch/arch25884, solver: z3, result: False, time:0.3082561492919922
data/example/single_test/arch/arch27983, solver: z3, result: False, time:0.5742719173431396
data/example/single_test/arch/arch23099, solver: z3, result: False, time:0.5317106246948242
data/example/single_test/arch/arch26489, solver: z3, result: False, time:0.46688365936279297
data/example/single_test/arch/arch28800, solver: z3, result: False, time:0.3265202045440674
data/example/single_test/arch/arch28824, solver: z3, result: False, time:0.6873750686645508
data/example/single_test/arch/arch21474, solver: z3, result: False, time:0.28371262550354004
data/example/single_test/arch/arch21518, solver: z3, result: False, time:0.7234485149383545
data/example/single_test/arch/arch25745, solver: z3, result: False, time:0.4736297130584717
data/example/single_test/arch/arch27037, solver: z3, result: unknown, time:300.00927662849426
data/example/single_test/arch/arch25714, solver: z3, result: False, time:0.27054572105407715
data/example/single_test/arch/arch25724, solver: z3, result: False, time:0.2899966239929199
data/example/single_test/arch/arch20666, solver: z3, result: False, time:0.30140089988708496
data/example/single_test/arch/arch26636, solver: z3, result: False, time:0.5662147998809814
data/example/single_test/arch/arch21240, solver: z3, result: unknown, time:300.00901556015015
data/example/single_test/arch/arch24512, solver: z3, result: False, time:0.3548154830932617
data/example/single_test/arch/arch20257, solver: z3, result: False, time:0.3717219829559326
data/example/single_test/arch/arch25734, solver: z3, result: False, time:0.4115777015686035
data/example/single_test/arch/arch17754, solver: z3, result: False, time:11.828575611114502
data/example/single_test/arch/arch22441, solver: z3, result: False, time:13.897669792175293
data/example/single_test/arch/arch20352, solver: z3, result: unknown, time:300.0099685192108
data/example/single_test/arch/arch25825, solver: z3, result: unknown, time:300.0082275867462
data/example/single_test/head/head196681, solver: z3, result: True, time:1.4007112979888916
data/example/single_test/arch/arch26575, solver: z3, result: unknown, time:300.0073435306549
data/example/single_test/head/head100844, solver: z3, result: True, time:45.275710582733154
data/example/single_test/head/head257745, solver: z3, result: False, time:12.76421856880188
data/example/single_test/arch/arch15998, solver: z3, result: unknown, time:300.0074188709259
data/example/single_test/head/head181829, solver: z3, result: True, time:0.45026254653930664
data/example/single_test/head/head83717, solver: z3, result: unknown, time:300.00734281539917
data/example/single_test/head/head121156, solver: z3, result: unknown, time:300.0075888633728
data/example/single_test/head/head128042, solver: z3, result: unknown, time:300.00771284103394
data/example/single_test/head/head168121, solver: z3, result: unknown, time:300.00764179229736
data/example/single_test/head/head204508, solver: z3, result: unknown, time:300.0074577331543
data/example/single_test/head/head255695, solver: z3, result: False, time:13.841714143753052
data/example/single_test/head/head50199, solver: z3, result: unknown, time:300.00891971588135
data/example/single_test/head/head85769, solver: z3, result: True, time:2.512263774871826
data/example/single_test/head/head156681, solver: z3, result: unknown, time:300.00789308547974
data/example/single_test/head/head45788, solver: z3, result: False, time:163.47027730941772
data/example/single_test/head/head291152, solver: z3, result: False, time:251.05675387382507
data/example/single_test/head/head247827, solver: z3, result: True, time:16.895507335662842
data/example/single_test/head/head49520, solver: z3, result: unknown, time:300.00785541534424
data/example/single_test/head/head234466, solver: z3, result: True, time:2.9184770584106445
data/example/single_test/head/head153433, solver: z3, result: unknown, time:300.00816822052
data/example/single_test/head/head213584, solver: z3, result: unknown, time:300.0101263523102
data/example/single_test/head/head84948, solver: z3, result: unknown, time:300.0083363056183
data/example/single_test/head/head175722, solver: z3, result: True, time:0.5397906303405762
data/example/single_test/head/head46216, solver: z3, result: False, time:216.55604100227356
data/example/single_test/head/head113637, solver: z3, result: unknown, time:300.00834035873413
data/example/single_test/head/head252659, solver: z3, result: True, time:19.082234144210815
data/example/single_test/head/head291682, solver: z3, result: True, time:20.199453353881836
data/example/single_test/head/head260692, solver: z3, result: False, time:8.124431848526001
data/example/single_test/head/head57590, solver: z3, result: False, time:1.170170545578003
data/example/single_test/head/head73089, solver: z3, result: unknown, time:300.0083248615265
data/example/single_test/head/head53264, solver: z3, result: unknown, time:300.01583671569824
data/example/single_test/head/head92712, solver: z3, result: True, time:0.9862351417541504
data/example/single_test/head/head70356, solver: z3, result: unknown, time:300.007746219635
data/example/single_test/head/head165598, solver: z3, result: unknown, time:300.00920724868774
data/example/single_test/head/head88587, solver: z3, result: True, time:2.5450334548950195
data/example/single_test/head/head202823, solver: z3, result: unknown, time:300.0090582370758
data/example/single_test/head/head175408, solver: z3, result: unknown, time:300.0105218887329
data/example/single_test/head/head61075, solver: z3, result: True, time:136.38745045661926
data/example/single_test/head/head260307, solver: z3, result: False, time:132.29871821403503
data/example/single_test/head/head162229, solver: z3, result: unknown, time:300.0085139274597
data/example/single_test/head/head195713, solver: z3, result: unknown, time:300.0107853412628
data/example/single_test/head/head80552, solver: z3, result: True, time:3.3289895057678223
data/example/single_test/head/head177592, solver: z3, result: unknown, time:300.0118727684021
data/example/single_test/head/head86683, solver: z3, result: unknown, time:300.00907158851624
data/example/single_test/head/head168758, solver: z3, result: unknown, time:300.0089364051819
data/example/single_test/head/head46909, solver: z3, result: unknown, time:300.01251912117004
data/example/single_test/head/head266501, solver: z3, result: False, time:168.72503471374512
data/example/single_test/head/head177991, solver: z3, result: unknown, time:300.00890922546387
data/example/single_test/head/head202091, solver: z3, result: unknown, time:300.0092570781708
data/example/single_test/head/head51283, solver: z3, result: unknown, time:300.0157070159912
data/example/single_test/head/head137521, solver: z3, result: unknown, time:300.0086476802826
data/example/single_test/head/head163027, solver: z3, result: unknown, time:300.00854659080505
data/example/single_test/head/head77919, solver: z3, result: unknown, time:300.01057481765747
data/example/single_test/head/head70355, solver: z3, result: unknown, time:300.0083451271057
data/example/single_test/head/head112846, solver: z3, result: True, time:0.6890537738800049
data/example/single_test/head/head48085, solver: z3, result: unknown, time:300.00934505462646
data/example/single_test/head/head251966, solver: z3, result: False, time:26.552002429962158
data/example/single_test/head/head77433, solver: z3, result: unknown, time:300.0084948539734
data/example/single_test/head/head218059, solver: z3, result: True, time:6.139503479003906
data/example/single_test/head/head190043, solver: z3, result: True, time:0.506162166595459
data/example/single_test/head/head52109, solver: z3, result: unknown, time:300.00884437561035
data/example/single_test/head/head66072, solver: z3, result: True, time:156.1056101322174
data/example/single_test/head/head202824, solver: z3, result: unknown, time:300.0083713531494
data/example/single_test/head/head177591, solver: z3, result: unknown, time:300.0091037750244
data/example/single_test/head/head244367, solver: z3, result: False, time:8.593954801559448
data/example/single_test/head/head139557, solver: z3, result: unknown, time:300.0084753036499
data/example/single_test/head/head174632, solver: z3, result: unknown, time:300.0085735321045
data/example/single_test/head/head241860, solver: z3, result: True, time:4.045686483383179
data/example/single_test/head/head116805, solver: z3, result: True, time:0.6546111106872559
data/example/single_test/head/head49528, solver: z3, result: True, time:173.17511534690857
data/example/single_test/head/head170315, solver: z3, result: True, time:2.4917848110198975
data/example/single_test/head/head42246, solver: z3, result: False, time:8.077948331832886
data/example/single_test/head/head122673, solver: z3, result: unknown, time:300.0087776184082
data/example/single_test/head/head242568, solver: z3, result: False, time:2.2842941284179688
data/example/single_test/head/head100791, solver: z3, result: True, time:0.36619114875793457
data/example/single_test/head/head192125, solver: z3, result: True, time:2.3816239833831787
data/example/single_test/head/head48587, solver: z3, result: True, time:81.08976554870605
data/example/single_test/head/head82247, solver: z3, result: True, time:0.9589617252349854
data/example/single_test/head/head258937, solver: z3, result: True, time:14.283697605133057
data/example/single_test/head/head139558, solver: z3, result: unknown, time:300.0088224411011
data/example/single_test/head/head167505, solver: z3, result: unknown, time:300.00843620300293
data/example/single_test/head/head238728, solver: z3, result: False, time:7.356421947479248
data/example/single_test/head/head86704, solver: z3, result: unknown, time:300.0083224773407
data/example/single_test/head/head151632, solver: z3, result: unknown, time:300.0082936286926
data/example/single_test/head/head139023, solver: z3, result: unknown, time:300.00886607170105
data/example/single_test/head/head109636, solver: z3, result: unknown, time:300.0084912776947
data/example/single_test/head/head136721, solver: z3, result: unknown, time:300.00849533081055
data/example/single_test/head/head253758, solver: z3, result: False, time:5.389447450637817
data/example/single_test/head/head88356, solver: z3, result: unknown, time:300.00860571861267
data/example/single_test/head/head168122, solver: z3, result: unknown, time:300.009174823761
data/example/single_test/head/head215508, solver: z3, result: True, time:187.32996273040771
data/example/single_test/head/head115180, solver: z3, result: unknown, time:300.00839257240295
data/example/single_test/head/head64952, solver: z3, result: unknown, time:300.01069688796997
data/example/single_test/head/head74274, solver: z3, result: unknown, time:300.0088005065918
data/example/single_test/head/head153243, solver: z3, result: unknown, time:300.00835251808167
data/example/single_test/head/head205691, solver: z3, result: unknown, time:300.0089485645294
data/example/single_test/head/head64202, solver: z3, result: True, time:15.190938234329224
data/example/single_test/head/head195712, solver: z3, result: unknown, time:300.0083632469177
data/example/single_test/head/head77434, solver: z3, result: unknown, time:300.00821900367737
data/example/single_test/head/head248427, solver: z3, result: False, time:8.19928503036499
data/example/single_test/head/head263176, solver: z3, result: True, time:28.43131685256958
data/example/single_test/head/head139398, solver: z3, result: unknown, time:300.00849962234497
data/example/single_test/head/head290435, solver: z3, result: False, time:18.584465980529785
data/example/single_test/head/head117474, solver: z3, result: unknown, time:300.00933146476746
data/example/single_test/head/head271002, solver: z3, result: False, time:113.71584701538086
data/example/single_test/head/head208089, solver: z3, result: True, time:6.437892198562622
data/example/single_test/head/head75329, solver: z3, result: True, time:2.843104839324951
data/example/single_test/head/head92648, solver: z3, result: True, time:0.6895544528961182
data/example/single_test/head/head88593, solver: z3, result: unknown, time:300.00867462158203
data/example/single_test/head/head67880, solver: z3, result: True, time:4.4431726932525635
data/example/single_test/head/head85808, solver: z3, result: unknown, time:300.0083646774292
data/example/single_test/head/head114038, solver: z3, result: unknown, time:300.00840878486633
data/example/single_test/head/head65313, solver: z3, result: False, time:145.59107041358948
data/example/single_test/head/head219725, solver: z3, result: True, time:3.438004970550537
data/example/single_test/head/head51809, solver: z3, result: False, time:74.94214129447937
data/example/single_test/head/head114037, solver: z3, result: unknown, time:300.00820446014404
data/example/single_test/head/head53261, solver: z3, result: unknown, time:300.0085172653198
data/example/single_test/head/head111760, solver: z3, result: unknown, time:300.00825548171997
data/example/single_test/head/head65315, solver: z3, result: True, time:128.07989358901978
data/example/single_test/head/head256752, solver: z3, result: False, time:24.382237195968628
data/example/single_test/head/head174631, solver: z3, result: unknown, time:300.00882267951965
data/example/single_test/head/head121157, solver: z3, result: unknown, time:300.00827288627625
data/example/single_test/head/head88357, solver: z3, result: unknown, time:300.00844383239746
data/example/single_test/head/head104291, solver: z3, result: unknown, time:300.00886392593384
data/example/single_test/head/head245221, solver: z3, result: True, time:15.698387145996094
data/example/single_test/head/head203884, solver: z3, result: False, time:110.54445672035217
data/example/single_test/head/head175407, solver: z3, result: unknown, time:300.008576631546
data/example/single_test/head/head138294, solver: z3, result: unknown, time:300.0088047981262
data/example/single_test/head/head86703, solver: z3, result: unknown, time:300.00839352607727
data/example/single_test/head/head47222, solver: z3, result: False, time:214.99694299697876
data/example/single_test/head/head118444, solver: z3, result: unknown, time:300.0087432861328
data/example/single_test/head/head144165, solver: z3, result: unknown, time:300.0088267326355
data/example/single_test/head/head152527, solver: z3, result: True, time:0.5499796867370605
data/example/single_test/head/head39784, solver: z3, result: False, time:148.46779227256775
data/example/single_test/head/head249529, solver: z3, result: True, time:10.237715005874634
data/example/single_test/head/head47671, solver: z3, result: unknown, time:300.0094177722931
data/example/single_test/head/head139022, solver: z3, result: unknown, time:300.0082461833954
data/example/single_test/head/head169294, solver: z3, result: unknown, time:300.0109398365021
data/example/single_test/head/head109635, solver: z3, result: unknown, time:300.00829100608826
data/example/single_test/head/head85484, solver: z3, result: unknown, time:300.0083501338959
data/example/single_test/head/head264276, solver: z3, result: False, time:13.405912399291992
data/example/single_test/head/head250791, solver: z3, result: True, time:10.216459512710571
data/example/single_test/head/head154609, solver: z3, result: unknown, time:300.0083701610565
data/example/single_test/head/head116857, solver: z3, result: True, time:0.9538278579711914
data/example/single_test/head/head246493, solver: z3, result: True, time:6.522296190261841
data/example/single_test/head/head165599, solver: z3, result: unknown, time:300.0085105895996
data/example/single_test/head/head157487, solver: z3, result: unknown, time:300.0092668533325
data/example/single_test/head/head129875, solver: z3, result: unknown, time:300.00898718833923
data/example/single_test/head/head256652, solver: z3, result: False, time:108.98234534263611
data/example/single_test/head/head84947, solver: z3, result: unknown, time:300.0089991092682
data/example/single_test/head/head262049, solver: z3, result: False, time:7.93173623085022
data/example/single_test/head/head288925, solver: z3, result: False, time:17.053492069244385
data/example/single_test/head/head194886, solver: z3, result: unknown, time:300.0119185447693
data/example/single_test/head/head53968, solver: z3, result: unknown, time:300.0140302181244
data/example/single_test/head/head60472, solver: z3, result: False, time:86.02660989761353
data/example/single_test/head/head189035, solver: z3, result: True, time:2.6050214767456055
data/example/single_test/head/head205692, solver: z3, result: unknown, time:300.0109519958496
data/example/single_test/head/head231757, solver: z3, result: False, time:74.7592625617981
data/example/single_test/head/head50472, solver: z3, result: True, time:153.92584824562073
data/example/single_test/head/head202092, solver: z3, result: unknown, time:300.0098121166229
data/example/single_test/head/head236902, solver: z3, result: True, time:2.949815034866333
data/example/single_test/head/head86501, solver: z3, result: unknown, time:300.0118989944458
data/example/single_test/head/head45571, solver: z3, result: False, time:173.60955429077148
data/example/single_test/head/head243332, solver: z3, result: True, time:10.155367136001587
data/example/single_test/head/head167506, solver: z3, result: unknown, time:300.01188254356384
data/example/single_test/head/head67687, solver: z3, result: unknown, time:300.0093574523926
data/example/single_test/head/head166262, solver: z3, result: unknown, time:300.0091652870178
data/example/single_test/head/head52111, solver: z3, result: True, time:146.24175906181335
data/example/single_test/head/head265528, solver: z3, result: False, time:16.57989001274109
data/example/single_test/head/head264740, solver: z3, result: unknown, time:300.0374233722687
data/example/single_test/head/head151631, solver: z3, result: unknown, time:300.00935530662537
data/example/single_test/head/head137520, solver: z3, result: unknown, time:300.01011872291565
data/example/single_test/head/head268545, solver: z3, result: True, time:9.684835195541382
data/example/single_test/head/head129876, solver: z3, result: unknown, time:300.00901222229004
data/example/single_test/head/head269984, solver: z3, result: True, time:18.19004535675049
data/example/single_test/head/head256284, solver: z3, result: False, time:144.46554565429688
data/example/single_test/head/head163026, solver: z3, result: unknown, time:300.0085060596466
data/example/single_test/head/head209151, solver: z3, result: True, time:169.228191614151
data/example/single_test/head/head138293, solver: z3, result: unknown, time:300.0084466934204
data/example/single_test/head/head66289, solver: z3, result: unknown, time:300.00908756256104
data/example/single_test/head/head103494, solver: z3, result: unknown, time:300.009197473526
data/example/single_test/head/head111761, solver: z3, result: unknown, time:300.00881123542786
data/example/single_test/head/head168757, solver: z3, result: unknown, time:300.00842332839966
data/example/single_test/head/head266656, solver: z3, result: True, time:8.535398483276367
data/example/single_test/head/head199996, solver: z3, result: True, time:1.4298362731933594
data/example/single_test/head/head169293, solver: z3, result: unknown, time:300.0084607601166
data/example/single_test/head/head144166, solver: z3, result: unknown, time:300.0083005428314
data/example/single_test/head/head242534, solver: z3, result: False, time:223.1616792678833
data/example/single_test/head/head77006, solver: z3, result: unknown, time:300.00821828842163
data/example/single_test/head/head162230, solver: z3, result: unknown, time:300.0082802772522
data/example/single_test/head/head212646, solver: z3, result: unknown, time:300.0088195800781
data/example/single_test/head/head76667, solver: z3, result: False, time:237.41500520706177
data/example/single_test/head/head235598, solver: z3, result: True, time:2.463602304458618
data/example/single_test/head/head204509, solver: z3, result: unknown, time:300.0086200237274
data/example/single_test/head/head104270, solver: z3, result: False, time:128.7810332775116
data/example/single_test/head/head139397, solver: z3, result: unknown, time:300.0082371234894
data/example/single_test/head/head254633, solver: z3, result: True, time:18.349785804748535
data/example/single_test/head/head181941, solver: z3, result: True, time:0.8846738338470459
data/example/single_test/head/head92682, solver: z3, result: True, time:1.77842116355896
data/example/single_test/head/head92001, solver: z3, result: True, time:2.1342504024505615
data/example/single_test/head/head177990, solver: z3, result: unknown, time:300.0088212490082
data/example/single_test/head/head136722, solver: z3, result: unknown, time:300.0084662437439
data/example/single_test/head/head153244, solver: z3, result: unknown, time:300.0087540149689
data/example/single_test/head/head115921, solver: z3, result: unknown, time:300.00853204727173
data/example/single_test/head/head248476, solver: z3, result: False, time:128.93145871162415
data/example/single_test/head/head70538, solver: z3, result: unknown, time:300.0090992450714
data/example/single_test/head/head117475, solver: z3, result: unknown, time:300.0087661743164
data/example/single_test/head/head45789, solver: z3, result: True, time:28.785366535186768
data/example/single_test/head/head115181, solver: z3, result: unknown, time:300.00825810432434
data/example/single_test/head/head157486, solver: z3, result: unknown, time:300.0095479488373
data/example/single_test/head/head126927, solver: z3, result: unknown, time:300.0094220638275
data/example/single_test/head/head63783, solver: z3, result: True, time:1.0492303371429443
data/example/single_test/head/head203850, solver: z3, result: True, time:2.6479482650756836
data/example/single_test/head/head52110, solver: z3, result: unknown, time:300.0170178413391
data/example/single_test/head/head145872, solver: z3, result: unknown, time:300.0086417198181
data/example/single_test/head/head133046, solver: z3, result: False, time:0.5667221546173096
data/example/single_test/head/head265257, solver: z3, result: False, time:239.71458387374878
data/example/single_test/head/head34571, solver: z3, result: False, time:1.0545783042907715
data/example/single_test/head/head122672, solver: z3, result: unknown, time:300.00861716270447
data/example/single_test/setuidgid/setuidgid109439, solver: z3, result: True, time:1.438042402267456
data/example/single_test/setuidgid/setuidgid197741, solver: z3, result: False, time:0.17718911170959473
data/example/single_test/head/head212645, solver: z3, result: unknown, time:300.0091140270233
data/example/single_test/head/head213583, solver: z3, result: unknown, time:300.0087778568268
data/example/single_test/head/head51801, solver: z3, result: True, time:222.758647441864
data/example/single_test/head/head194887, solver: z3, result: unknown, time:300.00939202308655
data/example/single_test/setuidgid/setuidgid81176, solver: z3, result: True, time:2.74812650680542
data/example/single_test/head/head166263, solver: z3, result: unknown, time:300.0095477104187
data/example/single_test/setuidgid/setuidgid164869, solver: z3, result: True, time:0.7912015914916992
data/example/single_test/head/head88592, solver: z3, result: unknown, time:300.0096206665039
data/example/single_test/setuidgid/setuidgid156930, solver: z3, result: unknown, time:300.0079336166382
data/example/single_test/setuidgid/setuidgid204379, solver: z3, result: True, time:6.710432291030884
data/example/single_test/setuidgid/setuidgid190578, solver: z3, result: unknown, time:300.0102016925812
data/example/single_test/setuidgid/setuidgid224478, solver: z3, result: True, time:288.5765233039856
data/example/single_test/setuidgid/setuidgid210569, solver: z3, result: unknown, time:300.0138781070709
data/example/single_test/setuidgid/setuidgid222060, solver: z3, result: unknown, time:300.0087969303131
data/example/single_test/setuidgid/setuidgid181521, solver: z3, result: unknown, time:300.00974702835083
data/example/single_test/setuidgid/setuidgid115249, solver: z3, result: True, time:1.164771318435669
data/example/single_test/setuidgid/setuidgid104459, solver: z3, result: True, time:2.1134707927703857
data/example/single_test/setuidgid/setuidgid149692, solver: z3, result: True, time:2.7492799758911133
data/example/single_test/setuidgid/setuidgid207180, solver: z3, result: True, time:185.3108630180359
data/example/single_test/setuidgid/setuidgid120024, solver: z3, result: unknown, time:300.018431186676
data/example/single_test/setuidgid/setuidgid134784, solver: z3, result: unknown, time:300.01596665382385
data/example/single_test/setuidgid/setuidgid197795, solver: z3, result: True, time:204.3540599346161
data/example/single_test/setuidgid/setuidgid220461, solver: z3, result: unknown, time:300.0110123157501
data/example/single_test/setuidgid/setuidgid196326, solver: z3, result: True, time:4.960825681686401
data/example/single_test/setuidgid/setuidgid96681, solver: z3, result: unknown, time:300.0110938549042
data/example/single_test/setuidgid/setuidgid102221, solver: z3, result: False, time:0.9935953617095947
data/example/single_test/setuidgid/setuidgid224485, solver: z3, result: unknown, time:300.0189754962921
data/example/single_test/setuidgid/setuidgid182497, solver: z3, result: unknown, time:300.0153241157532
data/example/single_test/setuidgid/setuidgid197568, solver: z3, result: unknown, time:300.0108621120453
data/example/single_test/setuidgid/setuidgid212862, solver: z3, result: unknown, time:300.0135488510132
data/example/single_test/setuidgid/setuidgid95071, solver: z3, result: True, time:1.7857158184051514
data/example/single_test/setuidgid/setuidgid120939, solver: z3, result: True, time:20.422046422958374
data/example/single_test/setuidgid/setuidgid223763, solver: z3, result: True, time:0.3739128112792969
data/example/single_test/setuidgid/setuidgid197791, solver: z3, result: True, time:113.18766069412231
data/example/single_test/setuidgid/setuidgid131993, solver: z3, result: True, time:2.068589925765991
data/example/single_test/setuidgid/setuidgid105693, solver: z3, result: unknown, time:300.01435828208923
data/example/single_test/setuidgid/setuidgid158604, solver: z3, result: unknown, time:300.0114209651947
data/example/single_test/setuidgid/setuidgid220820, solver: z3, result: unknown, time:300.0077385902405
data/example/single_test/setuidgid/setuidgid224483, solver: z3, result: True, time:102.8427665233612
data/example/single_test/setuidgid/setuidgid197799, solver: z3, result: unknown, time:300.01693773269653
data/example/single_test/setuidgid/setuidgid212865, solver: z3, result: unknown, time:300.0078012943268
data/example/single_test/setuidgid/setuidgid89115, solver: z3, result: True, time:2.0723953247070312
data/example/single_test/setuidgid/setuidgid107223, solver: z3, result: True, time:0.36309313774108887
data/example/single_test/setuidgid/setuidgid4692, solver: z3, result: True, time:1.3724396228790283
data/example/single_test/setuidgid/setuidgid206514, solver: z3, result: True, time:1.5754492282867432
data/example/single_test/setuidgid/setuidgid190952, solver: z3, result: unknown, time:300.0085241794586
data/example/single_test/setuidgid/setuidgid216179, solver: z3, result: True, time:100.98856472969055
data/example/single_test/setuidgid/setuidgid21803, solver: z3, result: True, time:1.5849199295043945
data/example/single_test/setuidgid/setuidgid138142, solver: z3, result: unknown, time:300.0152711868286
data/example/single_test/setuidgid/setuidgid175701, solver: z3, result: unknown, time:300.01479983329773
data/example/single_test/setuidgid/setuidgid45873, solver: z3, result: True, time:1.2258274555206299
data/example/single_test/setuidgid/setuidgid173450, solver: z3, result: unknown, time:300.0078492164612
data/example/single_test/setuidgid/setuidgid220818, solver: z3, result: True, time:5.123972415924072
data/example/single_test/setuidgid/setuidgid137244, solver: z3, result: unknown, time:300.0121455192566
data/example/single_test/setuidgid/setuidgid182499, solver: z3, result: unknown, time:300.00786900520325
data/example/single_test/setuidgid/setuidgid224479, solver: z3, result: True, time:154.39931535720825
data/example/single_test/setuidgid/setuidgid151307, solver: z3, result: unknown, time:300.0100781917572
data/example/single_test/setuidgid/setuidgid217526, solver: z3, result: unknown, time:300.01546812057495
data/example/single_test/setuidgid/setuidgid167546, solver: z3, result: unknown, time:300.0150456428528
data/example/single_test/setuidgid/setuidgid80572, solver: z3, result: True, time:1.4712648391723633
data/example/single_test/setuidgid/setuidgid169698, solver: z3, result: unknown, time:300.00912618637085
data/example/single_test/setuidgid/setuidgid220802, solver: z3, result: True, time:149.58374166488647
data/example/single_test/setuidgid/setuidgid219734, solver: z3, result: unknown, time:300.0079619884491
data/example/single_test/setuidgid/setuidgid172131, solver: z3, result: unknown, time:300.0168180465698
data/example/single_test/setuidgid/setuidgid202792, solver: z3, result: unknown, time:300.0080192089081
data/example/single_test/setuidgid/setuidgid185394, solver: z3, result: True, time:1.2433586120605469
data/example/single_test/setuidgid/setuidgid124074, solver: z3, result: True, time:0.9324369430541992
data/example/single_test/setuidgid/setuidgid217534, solver: z3, result: unknown, time:300.02629232406616
data/example/single_test/setuidgid/setuidgid214046, solver: z3, result: unknown, time:300.0135374069214
data/example/single_test/setuidgid/setuidgid121539, solver: z3, result: unknown, time:300.01647686958313
data/example/single_test/setuidgid/setuidgid130922, solver: z3, result: True, time:1.637929916381836
data/example/single_test/setuidgid/setuidgid37219, solver: z3, result: True, time:1.1420009136199951
data/example/single_test/setuidgid/setuidgid145793, solver: z3, result: True, time:17.833547830581665
data/example/single_test/setuidgid/setuidgid175704, solver: z3, result: unknown, time:300.0079896450043
data/example/single_test/setuidgid/setuidgid137003, solver: z3, result: True, time:6.445194721221924
data/example/single_test/setuidgid/setuidgid223278, solver: z3, result: unknown, time:300.00779390335083
data/example/single_test/setuidgid/setuidgid217476, solver: z3, result: False, time:0.20833539962768555
data/example/single_test/setuidgid/setuidgid172139, solver: z3, result: unknown, time:300.0086348056793
data/example/single_test/setuidgid/setuidgid136244, solver: z3, result: unknown, time:300.023118019104
data/example/single_test/setuidgid/setuidgid201760, solver: z3, result: unknown, time:300.0100882053375
data/example/single_test/setuidgid/setuidgid177718, solver: z3, result: True, time:108.51078414916992
data/example/single_test/setuidgid/setuidgid198219, solver: z3, result: False, time:1.080488681793213
data/example/single_test/setuidgid/setuidgid185323, solver: z3, result: True, time:1.1759974956512451
data/example/single_test/setuidgid/setuidgid211502, solver: z3, result: True, time:0.28777575492858887
data/example/single_test/setuidgid/setuidgid127035, solver: z3, result: True, time:1.2913224697113037
data/example/single_test/setuidgid/setuidgid177725, solver: z3, result: True, time:195.2390365600586
data/example/single_test/setuidgid/setuidgid17205, solver: z3, result: True, time:1.2596940994262695
data/example/single_test/setuidgid/setuidgid210218, solver: z3, result: unknown, time:300.0127601623535
data/example/single_test/setuidgid/setuidgid122430, solver: z3, result: unknown, time:300.01063418388367
data/example/single_test/setuidgid/setuidgid152395, solver: z3, result: unknown, time:300.00915145874023
data/example/single_test/setuidgid/setuidgid140550, solver: z3, result: unknown, time:300.00980019569397
data/example/single_test/setuidgid/setuidgid138138, solver: z3, result: True, time:0.6110043525695801
data/example/single_test/setuidgid/setuidgid220819, solver: z3, result: unknown, time:300.0141170024872
data/example/single_test/setuidgid/setuidgid223277, solver: z3, result: unknown, time:300.0121593475342
data/example/single_test/setuidgid/setuidgid177726, solver: z3, result: unknown, time:300.0118668079376
data/example/single_test/setuidgid/setuidgid175698, solver: z3, result: True, time:25.60543155670166
data/example/single_test/setuidgid/setuidgid196350, solver: z3, result: True, time:106.09201455116272
data/example/single_test/setuidgid/setuidgid140547, solver: z3, result: True, time:3.1364688873291016
data/example/single_test/setuidgid/setuidgid185368, solver: z3, result: True, time:1.5277552604675293
data/example/single_test/setuidgid/setuidgid199000, solver: z3, result: False, time:0.950507402420044
data/example/single_test/setuidgid/setuidgid224447, solver: z3, result: unknown, time:300.01546692848206
data/example/single_test/setuidgid/setuidgid183997, solver: z3, result: True, time:1.200545072555542
data/example/single_test/setuidgid/setuidgid188672, solver: z3, result: True, time:294.44142842292786
data/example/single_test/setuidgid/setuidgid219732, solver: z3, result: True, time:190.09029626846313
data/example/single_test/setuidgid/setuidgid88191, solver: z3, result: True, time:2.0608935356140137
data/example/single_test/setuidgid/setuidgid66900, solver: z3, result: True, time:0.6798593997955322
data/example/single_test/setuidgid/setuidgid150320, solver: z3, result: unknown, time:300.0106966495514
data/example/single_test/setuidgid/setuidgid224484, solver: z3, result: unknown, time:300.0163993835449
data/example/single_test/setuidgid/setuidgid224470, solver: z3, result: True, time:131.4392955303192
data/example/single_test/setuidgid/setuidgid141312, solver: z3, result: False, time:27.181949853897095
data/example/single_test/setuidgid/setuidgid218448, solver: z3, result: unknown, time:300.01023030281067
data/example/single_test/setuidgid/setuidgid92666, solver: z3, result: True, time:2.1372108459472656
data/example/single_test/setuidgid/setuidgid159853, solver: z3, result: unknown, time:300.01425886154175
data/example/single_test/setuidgid/setuidgid123305, solver: z3, result: unknown, time:300.0104465484619
data/example/single_test/setuidgid/setuidgid210571, solver: z3, result: unknown, time:300.0085859298706
data/example/single_test/setuidgid/setuidgid161159, solver: z3, result: unknown, time:300.019061088562
data/example/single_test/setuidgid/setuidgid224460, solver: z3, result: True, time:274.08228516578674
data/example/single_test/setuidgid/setuidgid224130, solver: z3, result: unknown, time:300.00805497169495
data/example/single_test/setuidgid/setuidgid145794, solver: z3, result: unknown, time:300.01798725128174
data/example/single_test/setuidgid/setuidgid155314, solver: z3, result: unknown, time:300.00839138031006
data/example/single_test/setuidgid/setuidgid146552, solver: z3, result: unknown, time:300.0119786262512
data/example/single_test/setuidgid/setuidgid210568, solver: z3, result: True, time:218.21996450424194
data/example/single_test/setuidgid/setuidgid224463, solver: z3, result: unknown, time:300.0151295661926
data/example/single_test/setuidgid/setuidgid150690, solver: z3, result: unknown, time:300.0090506076813
data/example/single_test/setuidgid/setuidgid149592, solver: z3, result: False, time:1.8549752235412598
data/example/single_test/setuidgid/setuidgid190942, solver: z3, result: True, time:117.82977557182312
data/example/single_test/setuidgid/setuidgid80496, solver: z3, result: True, time:1.4055235385894775
data/example/single_test/setuidgid/setuidgid80540, solver: z3, result: True, time:1.5872294902801514
data/example/single_test/setuidgid/setuidgid204388, solver: z3, result: unknown, time:300.0115578174591
data/example/single_test/setuidgid/setuidgid182470, solver: z3, result: True, time:2.522942066192627
data/example/single_test/setuidgid/setuidgid197793, solver: z3, result: True, time:140.81273293495178
data/example/single_test/setuidgid/setuidgid202301, solver: z3, result: unknown, time:300.0101788043976
data/example/single_test/setuidgid/setuidgid102822, solver: z3, result: unknown, time:300.01237320899963
data/example/single_test/setuidgid/setuidgid140739, solver: z3, result: False, time:1.7660644054412842
data/example/single_test/setuidgid/setuidgid13880, solver: z3, result: True, time:1.2554943561553955
data/example/single_test/setuidgid/setuidgid185345, solver: z3, result: True, time:1.1771063804626465
data/example/single_test/setuidgid/setuidgid94118, solver: z3, result: unknown, time:300.01135540008545
data/example/single_test/setuidgid/setuidgid177721, solver: z3, result: unknown, time:300.0126464366913
data/example/single_test/setuidgid/setuidgid207182, solver: z3, result: unknown, time:300.0144844055176
data/example/single_test/setuidgid/setuidgid224129, solver: z3, result: unknown, time:300.01481461524963
data/example/single_test/setuidgid/setuidgid202791, solver: z3, result: unknown, time:300.02644658088684
data/example/single_test/setuidgid/setuidgid144018, solver: z3, result: unknown, time:300.0159327983856
data/example/single_test/setuidgid/setuidgid216194, solver: z3, result: unknown, time:300.013813495636
data/example/single_test/setuidgid/setuidgid149699, solver: z3, result: unknown, time:300.0113196372986
data/example/single_test/setuidgid/setuidgid180249, solver: z3, result: True, time:3.7330119609832764
data/example/single_test/setuidgid/setuidgid53205, solver: z3, result: True, time:3.2882068157196045
data/example/single_test/setuidgid/setuidgid214018, solver: z3, result: True, time:135.90824842453003
data/example/single_test/setuidgid/setuidgid155312, solver: z3, result: unknown, time:300.0191204547882
data/example/single_test/setuidgid/setuidgid196354, solver: z3, result: unknown, time:300.012069940567
data/example/single_test/setuidgid/setuidgid144019, solver: z3, result: unknown, time:300.0079207420349
data/example/single_test/setuidgid/setuidgid148468, solver: z3, result: True, time:0.2670936584472656
data/example/single_test/setuidgid/setuidgid210570, solver: z3, result: unknown, time:300.01795172691345
data/example/single_test/setuidgid/setuidgid209654, solver: z3, result: unknown, time:300.01368737220764
data/example/single_test/setuidgid/setuidgid163664, solver: z3, result: unknown, time:300.0158839225769
data/example/single_test/setuidgid/setuidgid217537, solver: z3, result: unknown, time:300.00862216949463
data/example/single_test/setuidgid/setuidgid163667, solver: z3, result: unknown, time:300.0077178478241
data/example/single_test/setuidgid/setuidgid169697, solver: z3, result: unknown, time:300.0182490348816
data/example/single_test/setuidgid/setuidgid224474, solver: z3, result: unknown, time:300.0162968635559
data/example/single_test/setuidgid/setuidgid172127, solver: z3, result: unknown, time:300.0155498981476
data/example/single_test/setuidgid/setuidgid105506, solver: z3, result: False, time:0.9764165878295898
data/example/single_test/setuidgid/setuidgid210216, solver: z3, result: True, time:51.18800115585327
data/example/single_test/setuidgid/setuidgid80516, solver: z3, result: True, time:1.401024580001831
data/example/single_test/setuidgid/setuidgid185294, solver: z3, result: True, time:1.523383378982544
data/example/single_test/setuidgid/setuidgid172113, solver: z3, result: True, time:29.170162677764893
data/example/single_test/setuidgid/setuidgid218446, solver: z3, result: True, time:1.6560008525848389
data/example/single_test/setuidgid/setuidgid120941, solver: z3, result: unknown, time:300.0117871761322
data/example/single_test/setuidgid/setuidgid117214, solver: z3, result: False, time:1.7403428554534912
data/example/single_test/setuidgid/setuidgid217033, solver: z3, result: unknown, time:300.01077914237976
data/example/single_test/setuidgid/setuidgid134785, solver: z3, result: unknown, time:300.008469581604
data/example/single_test/setuidgid/setuidgid219733, solver: z3, result: unknown, time:300.01540660858154
data/example/single_test/setuidgid/setuidgid190946, solver: z3, result: True, time:282.6911356449127
data/example/single_test/setuidgid/setuidgid139538, solver: z3, result: False, time:294.84541487693787
data/example/single_test/setuidgid/setuidgid106089, solver: z3, result: unknown, time:300.01206827163696
data/example/single_test/setuidgid/setuidgid148500, solver: z3, result: unknown, time:300.01330494880676
data/example/single_test/setuidgid/setuidgid224481, solver: z3, result: unknown, time:300.01667881011963
data/example/single_test/setuidgid/setuidgid180257, solver: z3, result: unknown, time:300.01081919670105
data/example/single_test/setuidgid/setuidgid173025, solver: z3, result: unknown, time:300.01024198532104
data/example/single_test/setuidgid/setuidgid164878, solver: z3, result: unknown, time:300.00856161117554
data/example/single_test/setuidgid/setuidgid224488, solver: z3, result: unknown, time:300.00872325897217
data/example/single_test/setuidgid/setuidgid198429, solver: z3, result: unknown, time:300.0171639919281
data/example/single_test/setuidgid/setuidgid171025, solver: z3, result: unknown, time:300.01243686676025
data/example/single_test/setuidgid/setuidgid137008, solver: z3, result: unknown, time:300.0127773284912
data/example/single_test/setuidgid/setuidgid78493, solver: z3, result: True, time:1.7864480018615723
data/example/single_test/setuidgid/setuidgid181899, solver: z3, result: unknown, time:300.01002645492554
data/example/single_test/setuidgid/setuidgid96834, solver: z3, result: True, time:1.1355440616607666
data/example/single_test/setuidgid/setuidgid172136, solver: z3, result: unknown, time:300.01813888549805
data/example/single_test/setuidgid/setuidgid220815, solver: z3, result: unknown, time:300.0137610435486
data/example/single_test/setuidgid/setuidgid169685, solver: z3, result: True, time:114.93488597869873
data/example/single_test/setuidgid/setuidgid161150, solver: z3, result: True, time:5.578267812728882
data/example/single_test/setuidgid/setuidgid152394, solver: z3, result: unknown, time:300.0344035625458
data/example/single_test/setuidgid/setuidgid212845, solver: z3, result: True, time:279.1875264644623
data/example/single_test/setuidgid/setuidgid190951, solver: z3, result: unknown, time:300.01589345932007
data/example/single_test/setuidgid/setuidgid224438, solver: z3, result: True, time:9.661000728607178
data/example/single_test/setuidgid/setuidgid191826, solver: z3, result: unknown, time:300.009850025177
data/example/single_test/setuidgid/setuidgid205698, solver: z3, result: unknown, time:300.0124909877777
data/example/single_test/setuidgid/setuidgid217517, solver: z3, result: True, time:282.4178111553192
data/example/single_test/setuidgid/setuidgid224123, solver: z3, result: True, time:159.54931783676147
data/example/single_test/setuidgid/setuidgid100205, solver: z3, result: True, time:4.136879205703735
data/example/single_test/setuidgid/setuidgid188690, solver: z3, result: unknown, time:300.011506319046
data/example/single_test/setuidgid/setuidgid198999, solver: z3, result: unknown, time:300.01127314567566
data/example/single_test/setuidgid/setuidgid155293, solver: z3, result: True, time:6.658109188079834
data/example/single_test/setuidgid/setuidgid117284, solver: z3, result: False, time:3.1749656200408936
data/example/single_test/setuidgid/setuidgid202300, solver: z3, result: True, time:3.8252127170562744
data/example/single_test/setuidgid/setuidgid204375, solver: z3, result: unknown, time:300.0124604701996
data/example/single_test/setuidgid/setuidgid163651, solver: z3, result: True, time:9.95097017288208
data/example/single_test/setuidgid/setuidgid224473, solver: z3, result: True, time:58.79082202911377
data/example/single_test/setuidgid/setuidgid158605, solver: z3, result: False, time:8.222310543060303
data/example/single_test/setuidgid/setuidgid173439, solver: z3, result: True, time:0.8282971382141113
data/example/single_test/setuidgid/setuidgid124076, solver: z3, result: False, time:185.50974559783936
data/example/single_test/setuidgid/setuidgid161160, solver: z3, result: unknown, time:300.009569644928
data/example/single_test/setuidgid/setuidgid217038, solver: z3, result: unknown, time:300.01277804374695
data/example/single_test/setuidgid/setuidgid74898, solver: z3, result: False, time:0.9071247577667236
data/example/single_test/setuidgid/setuidgid161416, solver: z3, result: unknown, time:300.00961208343506
data/example/single_test/setuidgid/setuidgid162310, solver: z3, result: unknown, time:300.00937247276306
data/example/single_test/setuidgid/setuidgid98448, solver: z3, result: unknown, time:300.00948905944824
data/example/single_test/setuidgid/setuidgid25894, solver: z3, result: True, time:1.310506820678711
data/example/single_test/setuidgid/setuidgid117178, solver: z3, result: False, time:1.682365894317627
data/example/single_test/setuidgid/setuidgid136245, solver: z3, result: False, time:238.629900932312
data/example/single_test/setuidgid/setuidgid106585, solver: z3, result: unknown, time:300.02125906944275
data/example/single_test/setuidgid/setuidgid151490, solver: z3, result: True, time:0.4469766616821289
data/example/single_test/setuidgid/setuidgid197794, solver: z3, result: True, time:173.52698278427124
data/example/single_test/setuidgid/setuidgid214047, solver: z3, result: unknown, time:300.01246333122253
data/example/single_test/sort/sort29600, solver: z3, result: True, time:1.6132092475891113
data/example/single_test/sort/sort19519, solver: z3, result: True, time:2.087925434112549
data/example/single_test/sort/sort19409, solver: z3, result: True, time:2.0055806636810303
data/example/single_test/sort/sort43563, solver: z3, result: True, time:2.928179979324341
data/example/single_test/sort/sort16669, solver: z3, result: False, time:2.0776636600494385
data/example/single_test/sort/sort19509, solver: z3, result: True, time:2.24623703956604
data/example/single_test/sort/sort21190, solver: z3, result: error, time:0.04097938537597656
data/example/single_test/setuidgid/setuidgid159236, solver: z3, result: unknown, time:300.0129907131195
data/example/single_test/sort/sort32728, solver: z3, result: True, time:0.35575079917907715
data/example/single_test/sort/sort19869, solver: z3, result: True, time:2.20672345161438
data/example/single_test/sort/sort29006, solver: z3, result: True, time:2.303971767425537
data/example/single_test/sort/sort20925, solver: z3, result: error, time:0.04263138771057129
data/example/single_test/sort/sort19949, solver: z3, result: True, time:2.242710590362549
data/example/single_test/sort/sort21079, solver: z3, result: False, time:2.0014705657958984
data/example/single_test/sort/sort21021, solver: z3, result: True, time:2.174196481704712
data/example/single_test/sort/sort32329, solver: z3, result: True, time:1.5878291130065918
data/example/single_test/sort/sort21837, solver: z3, result: error, time:0.04250526428222656
data/example/single_test/sort/sort33448, solver: z3, result: True, time:0.6304948329925537
data/example/single_test/sort/sort38090, solver: z3, result: error, time:0.04085564613342285
data/example/single_test/sort/sort21658, solver: z3, result: True, time:2.2344017028808594
data/example/single_test/sort/sort29027, solver: z3, result: True, time:1.3378148078918457
data/example/single_test/sort/sort34455, solver: z3, result: True, time:0.4876875877380371
data/example/single_test/sort/sort19859, solver: z3, result: True, time:2.228280782699585
data/example/single_test/sort/sort1963, solver: z3, result: False, time:2.2507967948913574
data/example/single_test/sort/sort30257, solver: z3, result: False, time:2.072538375854492
data/example/single_test/sort/sort19499, solver: z3, result: True, time:2.2537941932678223
data/example/single_test/sort/sort19449, solver: z3, result: True, time:2.2197840213775635
data/example/single_test/sort/sort26954, solver: z3, result: True, time:2.2717342376708984
data/example/single_test/sort/sort20546, solver: z3, result: True, time:2.3422956466674805
data/example/single_test/sort/sort18080, solver: z3, result: True, time:2.245945930480957
data/example/single_test/sort/sort39761, solver: z3, result: False, time:2.9888641834259033
data/example/single_test/sort/sort15085, solver: z3, result: True, time:2.2640466690063477
data/example/single_test/sort/sort19959, solver: z3, result: True, time:2.2391557693481445
data/example/single_test/sort/sort19429, solver: z3, result: True, time:2.0244224071502686
data/example/single_test/sort/sort16010, solver: z3, result: False, time:2.0135598182678223
data/example/single_test/sort/sort21145, solver: z3, result: False, time:0.030018329620361328
data/example/single_test/sort/sort300, solver: z3, result: True, time:2.214738130569458
data/example/single_test/sort/sort31335, solver: z3, result: True, time:1.653766393661499
data/example/single_test/sort/sort46299, solver: z3, result: error, time:0.04157733917236328
data/example/single_test/sort/sort15421, solver: z3, result: False, time:1.8899188041687012
data/example/single_test/sort/sort19544, solver: z3, result: True, time:2.296170711517334
data/example/single_test/sort/sort19489, solver: z3, result: True, time:2.2275550365448
data/example/single_test/sort/sort19929, solver: z3, result: True, time:2.226071357727051
data/example/single_test/sort/sort19387, solver: z3, result: True, time:2.252394199371338
data/example/single_test/sort/sort42834, solver: z3, result: True, time:2.384411573410034
data/example/single_test/sort/sort19909, solver: z3, result: True, time:2.223731517791748
data/example/single_test/setuidgid/setuidgid205697, solver: z3, result: True, time:171.1055281162262
data/example/single_test/sort/sort19459, solver: z3, result: True, time:1.9849765300750732
data/example/single_test/sort/sort19849, solver: z3, result: True, time:2.2411844730377197
data/example/single_test/sort/sort37215, solver: z3, result: True, time:0.3525714874267578
data/example/single_test/sort/sort43682, solver: z3, result: False, time:0.27942967414855957
data/example/single_test/sort/sort28529, solver: z3, result: True, time:2.289295196533203
data/example/single_test/sort/sort19469, solver: z3, result: True, time:2.0101053714752197
data/example/single_test/sort/sort19919, solver: z3, result: True, time:2.296449661254883
data/example/single_test/sort/sort39040, solver: z3, result: True, time:2.349860668182373
data/example/single_test/sort/sort31037, solver: z3, result: True, time:1.6732184886932373
data/example/single_test/sort/sort43961, solver: z3, result: False, time:1.6196532249450684
data/example/single_test/sort/sort18928, solver: z3, result: False, time:1.9972491264343262
data/example/single_test/sort/sort19889, solver: z3, result: True, time:2.2205986976623535
data/example/single_test/setuidgid/setuidgid224477, solver: z3, result: True, time:252.03407406806946
data/example/single_test/sort/sort19879, solver: z3, result: True, time:2.183225631713867
data/example/single_test/sort/sort21486, solver: z3, result: True, time:2.23022723197937
data/example/single_test/sort/sort19479, solver: z3, result: True, time:1.9516265392303467
data/example/single_test/sort/sort19419, solver: z3, result: True, time:1.9585230350494385
data/example/single_test/sort/sort19939, solver: z3, result: True, time:2.186488628387451
data/example/single_test/sort/sort22284, solver: z3, result: True, time:2.2789080142974854
data/example/single_test/sort/sort4730, solver: z3, result: True, time:3.0188300609588623
data/example/single_test/sort/sort19899, solver: z3, result: True, time:2.1970102787017822
data/example/single_test/sort/sort23807, solver: z3, result: True, time:1.9764089584350586
data/example/single_test/sort/sort25515, solver: z3, result: False, time:1.9917705059051514
data/example/single_test/sort/sort35601, solver: z3, result: error, time:0.04126334190368652
data/example/single_test/sort/sort32709, solver: z3, result: True, time:0.7892715930938721
data/example/single_test/sort/sort19839, solver: z3, result: True, time:2.158823013305664
data/example/single_test/chgrp/chgrp905749, solver: z3, result: False, time:0.6173956394195557
data/example/single_test/sort/sort19439, solver: z3, result: True, time:1.972728967666626
data/example/single_test/chgrp/chgrp903919, solver: z3, result: False, time:0.4889183044433594
data/example/single_test/chgrp/chgrp903909, solver: z3, result: False, time:0.43202781677246094
data/example/single_test/sort/sort29496, solver: z3, result: True, time:2.319899797439575
data/example/single_test/chgrp/chgrp905729, solver: z3, result: False, time:0.40421319007873535
data/example/single_test/chgrp/chgrp676367, solver: z3, result: False, time:0.21999812126159668
data/example/single_test/chgrp/chgrp907199, solver: z3, result: False, time:0.41326308250427246
data/example/single_test/chgrp/chgrp905759, solver: z3, result: False, time:0.49828052520751953
data/example/single_test/chgrp/chgrp564345, solver: z3, result: False, time:1.3169629573822021
data/example/single_test/chgrp/chgrp561559, solver: z3, result: False, time:0.41315746307373047
data/example/single_test/chgrp/chgrp909010, solver: z3, result: False, time:0.4365427494049072
data/example/single_test/chgrp/chgrp545190, solver: z3, result: False, time:18.80270290374756
data/example/single_test/chgrp/chgrp909000, solver: z3, result: False, time:0.55906081199646
data/example/single_test/chgrp/chgrp907229, solver: z3, result: False, time:0.6636404991149902
data/example/single_test/chgrp/chgrp562772, solver: z3, result: False, time:0.44183349609375
data/example/single_test/chgrp/chgrp562792, solver: z3, result: False, time:0.4541952610015869
data/example/single_test/chgrp/chgrp903899, solver: z3, result: False, time:0.4469120502471924
data/example/single_test/chgrp/chgrp1019327, solver: z3, result: True, time:0.1933300495147705
data/example/single_test/chgrp/chgrp713408, solver: z3, result: False, time:1.380847692489624
data/example/single_test/chgrp/chgrp57910, solver: z3, result: False, time:18.70848321914673
data/example/single_test/chgrp/chgrp561539, solver: z3, result: False, time:0.43425798416137695
data/example/single_test/chgrp/chgrp562752, solver: z3, result: False, time:0.4390890598297119
data/example/single_test/chgrp/chgrp803842, solver: z3, result: False, time:0.3093693256378174
data/example/single_test/chgrp/chgrp909030, solver: z3, result: False, time:0.661870002746582
data/example/single_test/chgrp/chgrp561549, solver: z3, result: False, time:0.4288175106048584
data/example/single_test/chgrp/chgrp561529, solver: z3, result: False, time:0.44238829612731934
data/example/single_test/chgrp/chgrp903889, solver: z3, result: False, time:0.41502857208251953
data/example/single_test/chgrp/chgrp905773, solver: z3, result: False, time:0.979140043258667
data/example/single_test/setuidgid/setuidgid197800, solver: z3, result: unknown, time:300.00837230682373
data/example/single_test/chgrp/chgrp909020, solver: z3, result: False, time:0.6176807880401611
data/example/single_test/chgrp/chgrp564292, solver: z3, result: False, time:0.458864688873291
data/example/single_test/chgrp/chgrp951082, solver: z3, result: True, time:0.7371981143951416
data/example/single_test/setuidgid/setuidgid210561, solver: z3, result: True, time:189.4048490524292
data/example/single_test/chgrp/chgrp748662, solver: z3, result: False, time:30.48522686958313
data/example/single_test/chgrp/chgrp901764, solver: z3, result: False, time:19.39734721183777
data/example/single_test/chgrp/chgrp905739, solver: z3, result: False, time:0.5863404273986816
data/example/single_test/chgrp/chgrp907209, solver: z3, result: False, time:0.4662139415740967
data/example/single_test/chgrp/chgrp907219, solver: z3, result: False, time:0.6277787685394287
data/example/single_test/chgrp/chgrp561569, solver: z3, result: False, time:0.46019530296325684
data/example/single_test/chgrp/chgrp562762, solver: z3, result: False, time:0.41791248321533203
data/example/single_test/chgrp/chgrp562782, solver: z3, result: False, time:0.43309640884399414
data/example/single_test/chgrp/chgrp702555, solver: z3, result: False, time:31.39964270591736
data/example/single_test/setuidgid/setuidgid169696, solver: z3, result: unknown, time:300.0171332359314
data/example/single_test/chgrp/chgrp560696, solver: z3, result: False, time:179.96635127067566
data/example/single_test/sort/sort32539, solver: z3, result: unknown, time:300.6414625644684
data/example/single_test/chgrp/chgrp951119, solver: z3, result: unknown, time:300.0092685222626
data/example/single_test/chgrp/chgrp847520, solver: z3, result: unknown, time:300.00690746307373
